Build started 1/1/2018 9:54:54 PM.
     1>Project "c:\Users\Zbz\documents\visual studio 2013\Projects\Whatsapp Analyser\Whatsapp Analyser\Whatsapp Analyser.vcxproj" on node 2 (Build target(s)).
     1>ClCompile:
         D:\Program Files (x86)\Microsoft Visual Studio 12.0\VC\bin\CL.exe /c /ZI /nologo /W3 /WX- /sdl /Od /Oy- /D _MBCS /Gm /EHsc /RTC1 /MDd /GS /fp:precise /Zc:wchar_t /Zc:forScope /Fo"Debug\\" /Fd"Debug\vc120.pdb" /Gd /TP /analyze- /errorReport:prompt Data.cpp OverallData.cpp
         OverallData.cpp
         Data.cpp
     1>c:\users\zbz\documents\visual studio 2013\projects\whatsapp analyser\whatsapp analyser\data.cpp(21): warning C4018: '<' : signed/unsigned mismatch
     1>c:\users\zbz\documents\visual studio 2013\projects\whatsapp analyser\whatsapp analyser\data.cpp(46): warning C4018: '<' : signed/unsigned mismatch
     1>c:\users\zbz\documents\visual studio 2013\projects\whatsapp analyser\whatsapp analyser\data.cpp(72): warning C4018: '<' : signed/unsigned mismatch
     1>c:\users\zbz\documents\visual studio 2013\projects\whatsapp analyser\whatsapp analyser\data.cpp(140): warning C4018: '<' : signed/unsigned mismatch
         Generating Code...
       Link:
         D:\Program Files (x86)\Microsoft Visual Studio 12.0\VC\bin\link.exe /ERRORREPORT:PROMPT /OUT:"c:\users\zbz\documents\visual studio 2013\Projects\Whatsapp Analyser\Debug\Whatsapp Analyser.exe" /INCREMENTAL /NOLOGO kernel32.lib user32.lib gdi32.lib winspool.lib comdlg32.lib advapi32.lib shell32.lib ole32.lib oleaut32.lib uuid.lib odbc32.lib odbccp32.lib /MANIFEST /MANIFESTUAC:"level='asInvoker' uiAccess='false'" /manifest:embed /DEBUG /PDB:"c:\users\zbz\documents\visual studio 2013\Projects\Whatsapp Analyser\Debug\Whatsapp Analyser.pdb" /TLBID:1 /DYNAMICBASE /NXCOMPAT /IMPLIB:"c:\users\zbz\documents\visual studio 2013\Projects\Whatsapp Analyser\Debug\Whatsapp Analyser.lib" /MACHINE:X86 Debug\Data.obj
         Debug\main.obj
         Debug\OverallData.obj
         Debug\PersonData.obj
         Whatsapp Analyser.vcxproj -> c:\users\zbz\documents\visual studio 2013\Projects\Whatsapp Analyser\Debug\Whatsapp Analyser.exe
     1>Done Building Project "c:\Users\Zbz\documents\visual studio 2013\Projects\Whatsapp Analyser\Whatsapp Analyser\Whatsapp Analyser.vcxproj" (Build target(s)).

Build succeeded.

Time Elapsed 00:00:01.00
